2021-03-24 14:20:42.492  INFO 20116 --- [main] c.e.demo.IntelligentManagerApplication   : Starting IntelligentManagerApplication using Java 14.0.2 on DESKTOP-CIV0KT9 with PID 20116 (C:\Projects\javaweb\IntelligentManager\target\classes started by wr568 in C:\Projects\javaweb\IntelligentManager)
2021-03-24 14:20:42.494  INFO 20116 --- [main] c.e.demo.IntelligentManagerApplication   : No active profile set, falling back to default profiles: default
2021-03-24 14:20:43.061  INFO 20116 --- [main] .s.d.r.c.RepositoryConfigurationDelegate : Multiple Spring Data modules found, entering strict repository configuration mode!
2021-03-24 14:20:43.064  INFO 20116 --- [main] .s.d.r.c.RepositoryConfigurationDelegate : Bootstrapping Spring Data Redis repositories in DEFAULT mode.
2021-03-24 14:20:43.095  INFO 20116 --- [main] .s.d.r.c.RepositoryConfigurationDelegate : Finished Spring Data repository scanning in 13 ms. Found 0 Redis repository interfaces.
2021-03-24 14:20:43.781  INFO 20116 --- [main] o.s.b.w.embedded.tomcat.TomcatWebServer  : Tomcat initialized with port(s): 8080 (http)
2021-03-24 14:20:43.793  INFO 20116 --- [main] o.apache.catalina.core.StandardService   : Starting service [Tomcat]
2021-03-24 14:20:43.794  INFO 20116 --- [main] org.apache.catalina.core.StandardEngine  : Starting Servlet engine: [Apache Tomcat/9.0.43]
2021-03-24 14:20:43.795  INFO 20116 --- [main] o.a.catalina.core.AprLifecycleListener   : Loaded Apache Tomcat Native library [1.2.25] using APR version [1.7.0].
2021-03-24 14:20:43.796  INFO 20116 --- [main] o.a.catalina.core.AprLifecycleListener   : APR capabilities: IPv6 [true], sendfile [true], accept filters [false], random [true].
2021-03-24 14:20:43.796  INFO 20116 --- [main] o.a.catalina.core.AprLifecycleListener   : APR/OpenSSL configuration: useAprConnector [false], useOpenSSL [true]
2021-03-24 14:20:43.819  INFO 20116 --- [main] o.a.catalina.core.AprLifecycleListener   : OpenSSL successfully initialized [OpenSSL 1.1.1g  21 Apr 2020]
2021-03-24 14:20:43.902  INFO 20116 --- [main] o.a.c.c.C.[Tomcat].[localhost].[/]       : Initializing Spring embedded WebApplicationContext
2021-03-24 14:20:43.902  INFO 20116 --- [main] w.s.c.ServletWebServerApplicationContext : Root WebApplicationContext: initialization completed in 1362 ms
2021-03-24 14:20:44.651  INFO 20116 --- [main] o.s.s.concurrent.ThreadPoolTaskExecutor  : Initializing ExecutorService 'applicationTaskExecutor'
2021-03-24 14:20:44.739  INFO 20116 --- [main] o.s.b.a.w.s.WelcomePageHandlerMapping    : Adding welcome page: class path resource [static/index.html]
2021-03-24 14:20:44.939  INFO 20116 --- [main] o.s.b.w.embedded.tomcat.TomcatWebServer  : Tomcat started on port(s): 8080 (http) with context path ''
2021-03-24 14:20:44.948  INFO 20116 --- [main] c.e.demo.IntelligentManagerApplication   : Started IntelligentManagerApplication in 2.833 seconds (JVM running for 3.578)
2021-03-24 14:20:52.482  INFO 20116 --- [http-nio-8080-exec-2] o.a.c.c.C.[Tomcat].[localhost].[/]       : Initializing Spring DispatcherServlet 'dispatcherServlet'
2021-03-24 14:20:52.482  INFO 20116 --- [http-nio-8080-exec-2] o.s.web.servlet.DispatcherServlet        : Initializing Servlet 'dispatcherServlet'
2021-03-24 14:20:52.484  INFO 20116 --- [http-nio-8080-exec-2] o.s.web.servlet.DispatcherServlet        : Completed initialization in 1 ms
2021-03-24 14:20:57.215  INFO 20116 --- [RMI TCP Connection(2)-127.0.0.1] inMXBeanRegistrar$SpringApplicationAdmin : Application shutdown requested.
2021-03-24 14:20:57.242  INFO 20116 --- [RMI TCP Connection(2)-127.0.0.1] o.s.s.concurrent.ThreadPoolTaskExecutor  : Shutting down ExecutorService 'applicationTaskExecutor'
2021-03-24 22:49:02.041  INFO 9972 --- [main] c.e.demo.IntelligentManagerApplication   : Starting IntelligentManagerApplication using Java 14.0.2 on DESKTOP-CIV0KT9 with PID 9972 (C:\Projects\javaweb\IntelligentManager\target\classes started by wr568 in C:\Projects\javaweb\IntelligentManager)
2021-03-24 22:49:02.049  INFO 9972 --- [main] c.e.demo.IntelligentManagerApplication   : No active profile set, falling back to default profiles: default
2021-03-24 22:49:03.295  INFO 9972 --- [main] .s.d.r.c.RepositoryConfigurationDelegate : Multiple Spring Data modules found, entering strict repository configuration mode!
2021-03-24 22:49:03.303  INFO 9972 --- [main] .s.d.r.c.RepositoryConfigurationDelegate : Bootstrapping Spring Data Redis repositories in DEFAULT mode.
2021-03-24 22:49:03.342  INFO 9972 --- [main] .s.d.r.c.RepositoryConfigurationDelegate : Finished Spring Data repository scanning in 15 ms. Found 0 Redis repository interfaces.
2021-03-24 22:49:04.217  INFO 9972 --- [main] o.s.b.w.embedded.tomcat.TomcatWebServer  : Tomcat initialized with port(s): 8080 (http)
2021-03-24 22:49:04.232  INFO 9972 --- [main] o.apache.catalina.core.StandardService   : Starting service [Tomcat]
2021-03-24 22:49:04.233  INFO 9972 --- [main] org.apache.catalina.core.StandardEngine  : Starting Servlet engine: [Apache Tomcat/9.0.43]
2021-03-24 22:49:04.235  INFO 9972 --- [main] o.a.catalina.core.AprLifecycleListener   : Loaded Apache Tomcat Native library [1.2.25] using APR version [1.7.0].
2021-03-24 22:49:04.236  INFO 9972 --- [main] o.a.catalina.core.AprLifecycleListener   : APR capabilities: IPv6 [true], sendfile [true], accept filters [false], random [true].
2021-03-24 22:49:04.236  INFO 9972 --- [main] o.a.catalina.core.AprLifecycleListener   : APR/OpenSSL configuration: useAprConnector [false], useOpenSSL [true]
2021-03-24 22:49:04.252  INFO 9972 --- [main] o.a.catalina.core.AprLifecycleListener   : OpenSSL successfully initialized [OpenSSL 1.1.1g  21 Apr 2020]
2021-03-24 22:49:04.374  INFO 9972 --- [main] o.a.c.c.C.[Tomcat].[localhost].[/]       : Initializing Spring embedded WebApplicationContext
2021-03-24 22:49:04.374  INFO 9972 --- [main] w.s.c.ServletWebServerApplicationContext : Root WebApplicationContext: initialization completed in 2239 ms
2021-03-24 22:49:05.325  INFO 9972 --- [main] o.s.s.concurrent.ThreadPoolTaskExecutor  : Initializing ExecutorService 'applicationTaskExecutor'
2021-03-24 22:49:05.430  INFO 9972 --- [main] o.s.b.a.w.s.WelcomePageHandlerMapping    : Adding welcome page: class path resource [static/index.html]
2021-03-24 22:49:05.669  INFO 9972 --- [main] o.s.b.w.embedded.tomcat.TomcatWebServer  : Tomcat started on port(s): 8080 (http) with context path ''
2021-03-24 22:49:05.681  INFO 9972 --- [main] c.e.demo.IntelligentManagerApplication   : Started IntelligentManagerApplication in 4.378 seconds (JVM running for 5.938)
2021-03-24 22:49:10.994  INFO 9972 --- [http-nio-8080-exec-2] o.a.c.c.C.[Tomcat].[localhost].[/]       : Initializing Spring DispatcherServlet 'dispatcherServlet'
2021-03-24 22:49:10.994  INFO 9972 --- [http-nio-8080-exec-2] o.s.web.servlet.DispatcherServlet        : Initializing Servlet 'dispatcherServlet'
2021-03-24 22:49:10.995  INFO 9972 --- [http-nio-8080-exec-2] o.s.web.servlet.DispatcherServlet        : Completed initialization in 1 ms
2021-03-24 22:52:22.282  WARN 9972 --- [http-nio-8080-exec-8] .w.s.m.s.DefaultHandlerExceptionResolver : Resolved [org.springframework.web.HttpMediaTypeNotSupportedException: Content type 'text/plain;charset=UTF-8' not supported]
2021-03-24 22:52:31.742  WARN 9972 --- [http-nio-8080-exec-9] .w.s.m.s.DefaultHandlerExceptionResolver : Resolved [org.springframework.web.HttpMediaTypeNotSupportedException: Content type 'application/x-www-form-urlencoded;charset=UTF-8' not supported]
2021-03-24 22:52:33.753  WARN 9972 --- [http-nio-8080-exec-3] .w.s.m.s.DefaultHandlerExceptionResolver : Resolved [org.springframework.web.HttpMediaTypeNotSupportedException: Content type 'multipart/form-data;boundary=----WebKitFormBoundary6Ahzh44rCXBoveJJ;charset=UTF-8' not supported]
2021-03-24 22:53:43.877  WARN 9972 --- [http-nio-8080-exec-5] .w.s.m.s.DefaultHandlerExceptionResolver : Resolved [org.springframework.web.HttpMediaTypeNotSupportedException: Content type 'multipart/form-data;boundary=----WebKitFormBoundaryyk3AdinKMPvcz5eU;charset=UTF-8' not supported]
2021-03-24 22:54:05.546  INFO 9972 --- [RMI TCP Connection(7)-127.0.0.1] inMXBeanRegistrar$SpringApplicationAdmin : Application shutdown requested.
2021-03-24 22:54:05.575  INFO 9972 --- [RMI TCP Connection(7)-127.0.0.1] o.s.s.concurrent.ThreadPoolTaskExecutor  : Shutting down ExecutorService 'applicationTaskExecutor'
2021-03-24 22:54:41.031  INFO 16540 --- [main] c.e.demo.IntelligentManagerApplication   : Starting IntelligentManagerApplication using Java 14.0.2 on DESKTOP-CIV0KT9 with PID 16540 (C:\Projects\javaweb\IntelligentManager\target\classes started by wr568 in C:\Projects\javaweb\IntelligentManager)
2021-03-24 22:54:41.034  INFO 16540 --- [main] c.e.demo.IntelligentManagerApplication   : No active profile set, falling back to default profiles: default
2021-03-24 22:54:41.515  INFO 16540 --- [main] .s.d.r.c.RepositoryConfigurationDelegate : Multiple Spring Data modules found, entering strict repository configuration mode!
2021-03-24 22:54:41.518  INFO 16540 --- [main] .s.d.r.c.RepositoryConfigurationDelegate : Bootstrapping Spring Data Redis repositories in DEFAULT mode.
2021-03-24 22:54:41.535  INFO 16540 --- [main] .s.d.r.c.RepositoryConfigurationDelegate : Finished Spring Data repository scanning in 7 ms. Found 0 Redis repository interfaces.
2021-03-24 22:54:42.009  INFO 16540 --- [main] o.s.b.w.embedded.tomcat.TomcatWebServer  : Tomcat initialized with port(s): 8080 (http)
2021-03-24 22:54:42.019  INFO 16540 --- [main] o.apache.catalina.core.StandardService   : Starting service [Tomcat]
2021-03-24 22:54:42.020  INFO 16540 --- [main] org.apache.catalina.core.StandardEngine  : Starting Servlet engine: [Apache Tomcat/9.0.43]
2021-03-24 22:54:42.021  INFO 16540 --- [main] o.a.catalina.core.AprLifecycleListener   : Loaded Apache Tomcat Native library [1.2.25] using APR version [1.7.0].
2021-03-24 22:54:42.021  INFO 16540 --- [main] o.a.catalina.core.AprLifecycleListener   : APR capabilities: IPv6 [true], sendfile [true], accept filters [false], random [true].
2021-03-24 22:54:42.021  INFO 16540 --- [main] o.a.catalina.core.AprLifecycleListener   : APR/OpenSSL configuration: useAprConnector [false], useOpenSSL [true]
2021-03-24 22:54:42.024  INFO 16540 --- [main] o.a.catalina.core.AprLifecycleListener   : OpenSSL successfully initialized [OpenSSL 1.1.1g  21 Apr 2020]
2021-03-24 22:54:42.095  INFO 16540 --- [main] o.a.c.c.C.[Tomcat].[localhost].[/]       : Initializing Spring embedded WebApplicationContext
2021-03-24 22:54:42.095  INFO 16540 --- [main] w.s.c.ServletWebServerApplicationContext : Root WebApplicationContext: initialization completed in 1022 ms
2021-03-24 22:54:42.658  INFO 16540 --- [main] o.s.s.concurrent.ThreadPoolTaskExecutor  : Initializing ExecutorService 'applicationTaskExecutor'
2021-03-24 22:54:42.721  INFO 16540 --- [main] o.s.b.a.w.s.WelcomePageHandlerMapping    : Adding welcome page: class path resource [static/index.html]
2021-03-24 22:54:42.890  INFO 16540 --- [main] o.s.b.w.embedded.tomcat.TomcatWebServer  : Tomcat started on port(s): 8080 (http) with context path ''
2021-03-24 22:54:42.899  INFO 16540 --- [main] c.e.demo.IntelligentManagerApplication   : Started IntelligentManagerApplication in 2.171 seconds (JVM running for 2.75)
2021-03-24 22:54:45.421  INFO 16540 --- [http-nio-8080-exec-1] o.a.c.c.C.[Tomcat].[localhost].[/]       : Initializing Spring DispatcherServlet 'dispatcherServlet'
2021-03-24 22:54:45.422  INFO 16540 --- [http-nio-8080-exec-1] o.s.web.servlet.DispatcherServlet        : Initializing Servlet 'dispatcherServlet'
2021-03-24 22:54:45.423  INFO 16540 --- [http-nio-8080-exec-1] o.s.web.servlet.DispatcherServlet        : Completed initialization in 1 ms
2021-03-24 22:54:45.447  WARN 16540 --- [http-nio-8080-exec-1] .w.s.m.s.DefaultHandlerExceptionResolver : Resolved [org.springframework.web.HttpMediaTypeNotSupportedException: Content type 'text/plain;charset=UTF-8' not supported]
2021-03-24 22:55:15.853  WARN 16540 --- [http-nio-8080-exec-2] .w.s.m.s.DefaultHandlerExceptionResolver : Resolved [org.springframework.web.HttpMediaTypeNotSupportedException: Content type 'text/plain;charset=UTF-8' not supported]
2021-03-24 22:57:22.125  WARN 16540 --- [http-nio-8080-exec-6] .w.s.m.s.DefaultHandlerExceptionResolver : Resolved [org.springframework.web.HttpMediaTypeNotSupportedException: Content type 'text/plain;charset=UTF-8' not supported]
2021-03-24 22:57:29.910  WARN 16540 --- [http-nio-8080-exec-7] .w.s.m.s.DefaultHandlerExceptionResolver : Resolved [org.springframework.web.HttpMediaTypeNotSupportedException: Content type 'text/plain;charset=UTF-8' not supported]
2021-03-24 22:57:41.404  WARN 16540 --- [http-nio-8080-exec-8] .w.s.m.s.DefaultHandlerExceptionResolver : Resolved [org.springframework.web.HttpMediaTypeNotSupportedException: Content type 'text/plain;charset=UTF-8' not supported]
2021-03-24 22:58:22.940  WARN 16540 --- [http-nio-8080-exec-10] .w.s.m.s.DefaultHandlerExceptionResolver : Resolved [org.springframework.web.HttpMediaTypeNotSupportedException: Content type 'text/plain;charset=UTF-8' not supported]
2021-03-24 22:58:53.799  INFO 16540 --- [RMI TCP Connection(6)-127.0.0.1] inMXBeanRegistrar$SpringApplicationAdmin : Application shutdown requested.
2021-03-24 22:58:53.828  INFO 16540 --- [RMI TCP Connection(6)-127.0.0.1] o.s.s.concurrent.ThreadPoolTaskExecutor  : Shutting down ExecutorService 'applicationTaskExecutor'
2021-03-24 22:59:42.737  INFO 18268 --- [main] c.e.demo.IntelligentManagerApplication   : Starting IntelligentManagerApplication using Java 14.0.2 on DESKTOP-CIV0KT9 with PID 18268 (C:\Projects\javaweb\IntelligentManager\target\classes started by wr568 in C:\Projects\javaweb\IntelligentManager)
2021-03-24 22:59:42.739  INFO 18268 --- [main] c.e.demo.IntelligentManagerApplication   : No active profile set, falling back to default profiles: default
2021-03-24 22:59:43.205  INFO 18268 --- [main] .s.d.r.c.RepositoryConfigurationDelegate : Multiple Spring Data modules found, entering strict repository configuration mode!
2021-03-24 22:59:43.207  INFO 18268 --- [main] .s.d.r.c.RepositoryConfigurationDelegate : Bootstrapping Spring Data Redis repositories in DEFAULT mode.
2021-03-24 22:59:43.223  INFO 18268 --- [main] .s.d.r.c.RepositoryConfigurationDelegate : Finished Spring Data repository scanning in 6 ms. Found 0 Redis repository interfaces.
2021-03-24 22:59:43.696  INFO 18268 --- [main] o.s.b.w.embedded.tomcat.TomcatWebServer  : Tomcat initialized with port(s): 8080 (http)
2021-03-24 22:59:43.705  INFO 18268 --- [main] o.apache.catalina.core.StandardService   : Starting service [Tomcat]
2021-03-24 22:59:43.705  INFO 18268 --- [main] org.apache.catalina.core.StandardEngine  : Starting Servlet engine: [Apache Tomcat/9.0.43]
2021-03-24 22:59:43.706  INFO 18268 --- [main] o.a.catalina.core.AprLifecycleListener   : Loaded Apache Tomcat Native library [1.2.25] using APR version [1.7.0].
2021-03-24 22:59:43.707  INFO 18268 --- [main] o.a.catalina.core.AprLifecycleListener   : APR capabilities: IPv6 [true], sendfile [true], accept filters [false], random [true].
2021-03-24 22:59:43.707  INFO 18268 --- [main] o.a.catalina.core.AprLifecycleListener   : APR/OpenSSL configuration: useAprConnector [false], useOpenSSL [true]
2021-03-24 22:59:43.709  INFO 18268 --- [main] o.a.catalina.core.AprLifecycleListener   : OpenSSL successfully initialized [OpenSSL 1.1.1g  21 Apr 2020]
2021-03-24 22:59:43.771  INFO 18268 --- [main] o.a.c.c.C.[Tomcat].[localhost].[/]       : Initializing Spring embedded WebApplicationContext
2021-03-24 22:59:43.771  INFO 18268 --- [main] w.s.c.ServletWebServerApplicationContext : Root WebApplicationContext: initialization completed in 994 ms
2021-03-24 22:59:44.338  INFO 18268 --- [main] o.s.s.concurrent.ThreadPoolTaskExecutor  : Initializing ExecutorService 'applicationTaskExecutor'
2021-03-24 22:59:44.395  INFO 18268 --- [main] o.s.b.a.w.s.WelcomePageHandlerMapping    : Adding welcome page: class path resource [static/index.html]
2021-03-24 22:59:44.558  INFO 18268 --- [main] o.s.b.w.embedded.tomcat.TomcatWebServer  : Tomcat started on port(s): 8080 (http) with context path ''
2021-03-24 22:59:44.566  INFO 18268 --- [main] c.e.demo.IntelligentManagerApplication   : Started IntelligentManagerApplication in 2.121 seconds (JVM running for 2.688)
2021-03-24 22:59:47.002  INFO 18268 --- [http-nio-8080-exec-2] o.a.c.c.C.[Tomcat].[localhost].[/]       : Initializing Spring DispatcherServlet 'dispatcherServlet'
2021-03-24 22:59:47.003  INFO 18268 --- [http-nio-8080-exec-2] o.s.web.servlet.DispatcherServlet        : Initializing Servlet 'dispatcherServlet'
2021-03-24 22:59:47.004  INFO 18268 --- [http-nio-8080-exec-2] o.s.web.servlet.DispatcherServlet        : Completed initialization in 1 ms
2021-03-24 22:59:47.033  WARN 18268 --- [http-nio-8080-exec-2] .w.s.m.s.DefaultHandlerExceptionResolver : Resolved [org.springframework.web.HttpMediaTypeNotSupportedException: Content type 'text/plain;charset=UTF-8' not supported]
2021-03-24 22:59:53.239  WARN 18268 --- [http-nio-8080-exec-1] .w.s.m.s.DefaultHandlerExceptionResolver : Resolved [org.springframework.web.HttpMediaTypeNotSupportedException: Content type 'text/plain;charset=UTF-8' not supported]
2021-03-24 23:00:04.333  WARN 18268 --- [http-nio-8080-exec-4] .w.s.m.s.DefaultHandlerExceptionResolver : Resolved [org.springframework.web.HttpMediaTypeNotSupportedException: Content type 'text/plain;charset=UTF-8' not supported]
2021-03-24 23:00:12.885  WARN 18268 --- [http-nio-8080-exec-3] .w.s.m.s.DefaultHandlerExceptionResolver : Resolved [org.springframework.web.HttpMediaTypeNotSupportedException: Content type 'text/plain;charset=UTF-8' not supported]
2021-03-24 23:00:20.188  WARN 18268 --- [http-nio-8080-exec-5] .w.s.m.s.DefaultHandlerExceptionResolver : Resolved [org.springframework.web.HttpMediaTypeNotSupportedException: Content type 'text/plain;charset=UTF-8' not supported]
2021-03-24 23:01:06.390  INFO 18268 --- [RMI TCP Connection(5)-127.0.0.1] inMXBeanRegistrar$SpringApplicationAdmin : Application shutdown requested.
2021-03-24 23:01:06.416  INFO 18268 --- [RMI TCP Connection(5)-127.0.0.1] o.s.s.concurrent.ThreadPoolTaskExecutor  : Shutting down ExecutorService 'applicationTaskExecutor'
2021-03-24 23:01:39.728  INFO 9380 --- [main] c.e.demo.IntelligentManagerApplication   : Starting IntelligentManagerApplication using Java 14.0.2 on DESKTOP-CIV0KT9 with PID 9380 (C:\Projects\javaweb\IntelligentManager\target\classes started by wr568 in C:\Projects\javaweb\IntelligentManager)
2021-03-24 23:01:39.732  INFO 9380 --- [main] c.e.demo.IntelligentManagerApplication   : No active profile set, falling back to default profiles: default
2021-03-24 23:01:40.507  INFO 9380 --- [main] .s.d.r.c.RepositoryConfigurationDelegate : Multiple Spring Data modules found, entering strict repository configuration mode!
2021-03-24 23:01:40.511  INFO 9380 --- [main] .s.d.r.c.RepositoryConfigurationDelegate : Bootstrapping Spring Data Redis repositories in DEFAULT mode.
2021-03-24 23:01:40.535  INFO 9380 --- [main] .s.d.r.c.RepositoryConfigurationDelegate : Finished Spring Data repository scanning in 9 ms. Found 0 Redis repository interfaces.
2021-03-24 23:01:41.231  INFO 9380 --- [main] o.s.b.w.embedded.tomcat.TomcatWebServer  : Tomcat initialized with port(s): 8080 (http)
2021-03-24 23:01:41.248  INFO 9380 --- [main] o.apache.catalina.core.StandardService   : Starting service [Tomcat]
2021-03-24 23:01:41.249  INFO 9380 --- [main] org.apache.catalina.core.StandardEngine  : Starting Servlet engine: [Apache Tomcat/9.0.43]
2021-03-24 23:01:41.251  INFO 9380 --- [main] o.a.catalina.core.AprLifecycleListener   : Loaded Apache Tomcat Native library [1.2.25] using APR version [1.7.0].
2021-03-24 23:01:41.251  INFO 9380 --- [main] o.a.catalina.core.AprLifecycleListener   : APR capabilities: IPv6 [true], sendfile [true], accept filters [false], random [true].
2021-03-24 23:01:41.252  INFO 9380 --- [main] o.a.catalina.core.AprLifecycleListener   : APR/OpenSSL configuration: useAprConnector [false], useOpenSSL [true]
2021-03-24 23:01:41.258  INFO 9380 --- [main] o.a.catalina.core.AprLifecycleListener   : OpenSSL successfully initialized [OpenSSL 1.1.1g  21 Apr 2020]
2021-03-24 23:01:41.350  INFO 9380 --- [main] o.a.c.c.C.[Tomcat].[localhost].[/]       : Initializing Spring embedded WebApplicationContext
2021-03-24 23:01:41.351  INFO 9380 --- [main] w.s.c.ServletWebServerApplicationContext : Root WebApplicationContext: initialization completed in 1568 ms
2021-03-24 23:01:42.293  INFO 9380 --- [main] o.s.s.concurrent.ThreadPoolTaskExecutor  : Initializing ExecutorService 'applicationTaskExecutor'
2021-03-24 23:01:42.392  INFO 9380 --- [main] o.s.b.a.w.s.WelcomePageHandlerMapping    : Adding welcome page: class path resource [static/index.html]
2021-03-24 23:01:42.590  INFO 9380 --- [main] o.s.b.w.embedded.tomcat.TomcatWebServer  : Tomcat started on port(s): 8080 (http) with context path ''
2021-03-24 23:01:42.601  INFO 9380 --- [main] c.e.demo.IntelligentManagerApplication   : Started IntelligentManagerApplication in 3.264 seconds (JVM running for 4.186)
2021-03-24 23:01:50.671  INFO 9380 --- [http-nio-8080-exec-3] o.a.c.c.C.[Tomcat].[localhost].[/]       : Initializing Spring DispatcherServlet 'dispatcherServlet'
2021-03-24 23:01:50.672  INFO 9380 --- [http-nio-8080-exec-3] o.s.web.servlet.DispatcherServlet        : Initializing Servlet 'dispatcherServlet'
2021-03-24 23:01:50.673  INFO 9380 --- [http-nio-8080-exec-3] o.s.web.servlet.DispatcherServlet        : Completed initialization in 1 ms
2021-03-24 23:01:52.539  WARN 9380 --- [http-nio-8080-exec-1] .w.s.m.s.DefaultHandlerExceptionResolver : Resolved [org.springframework.web.HttpMediaTypeNotSupportedException: Content type 'text/plain;charset=UTF-8' not supported]
2021-03-24 23:03:30.436  WARN 9380 --- [http-nio-8080-exec-4] .w.s.m.s.DefaultHandlerExceptionResolver : Resolved [org.springframework.web.HttpMediaTypeNotSupportedException: Content type 'text/plain;charset=UTF-8' not supported]
2021-03-24 23:03:35.454  WARN 9380 --- [http-nio-8080-exec-2] .w.s.m.s.DefaultHandlerExceptionResolver : Resolved [org.springframework.web.HttpMediaTypeNotSupportedException: Content type 'text/plain;charset=UTF-8' not supported]
2021-03-24 23:04:27.903  INFO 9380 --- [RMI TCP Connection(6)-127.0.0.1] inMXBeanRegistrar$SpringApplicationAdmin : Application shutdown requested.
2021-03-24 23:04:27.945  INFO 9380 --- [RMI TCP Connection(6)-127.0.0.1] o.s.s.concurrent.ThreadPoolTaskExecutor  : Shutting down ExecutorService 'applicationTaskExecutor'
2021-03-24 23:19:21.958  INFO 14804 --- [main] c.e.demo.IntelligentManagerApplication   : Starting IntelligentManagerApplication using Java 14.0.2 on DESKTOP-CIV0KT9 with PID 14804 (C:\Projects\javaweb\IntelligentManager\target\classes started by wr568 in C:\Projects\javaweb\IntelligentManager)
2021-03-24 23:19:21.962  INFO 14804 --- [main] c.e.demo.IntelligentManagerApplication   : No active profile set, falling back to default profiles: default
2021-03-24 23:19:22.981  INFO 14804 --- [main] .s.d.r.c.RepositoryConfigurationDelegate : Multiple Spring Data modules found, entering strict repository configuration mode!
2021-03-24 23:19:22.987  INFO 14804 --- [main] .s.d.r.c.RepositoryConfigurationDelegate : Bootstrapping Spring Data Redis repositories in DEFAULT mode.
2021-03-24 23:19:23.046  INFO 14804 --- [main] .s.d.r.c.RepositoryConfigurationDelegate : Finished Spring Data repository scanning in 18 ms. Found 0 Redis repository interfaces.
2021-03-24 23:19:23.926  INFO 14804 --- [main] o.s.b.w.embedded.tomcat.TomcatWebServer  : Tomcat initialized with port(s): 8080 (http)
2021-03-24 23:19:23.949  INFO 14804 --- [main] o.apache.catalina.core.StandardService   : Starting service [Tomcat]
2021-03-24 23:19:23.950  INFO 14804 --- [main] org.apache.catalina.core.StandardEngine  : Starting Servlet engine: [Apache Tomcat/9.0.43]
2021-03-24 23:19:23.953  INFO 14804 --- [main] o.a.catalina.core.AprLifecycleListener   : Loaded Apache Tomcat Native library [1.2.25] using APR version [1.7.0].
2021-03-24 23:19:23.953  INFO 14804 --- [main] o.a.catalina.core.AprLifecycleListener   : APR capabilities: IPv6 [true], sendfile [true], accept filters [false], random [true].
2021-03-24 23:19:23.953  INFO 14804 --- [main] o.a.catalina.core.AprLifecycleListener   : APR/OpenSSL configuration: useAprConnector [false], useOpenSSL [true]
2021-03-24 23:19:23.959  INFO 14804 --- [main] o.a.catalina.core.AprLifecycleListener   : OpenSSL successfully initialized [OpenSSL 1.1.1g  21 Apr 2020]
2021-03-24 23:19:24.071  INFO 14804 --- [main] o.a.c.c.C.[Tomcat].[localhost].[/]       : Initializing Spring embedded WebApplicationContext
2021-03-24 23:19:24.072  INFO 14804 --- [main] w.s.c.ServletWebServerApplicationContext : Root WebApplicationContext: initialization completed in 2054 ms
2021-03-24 23:19:24.950  INFO 14804 --- [main] o.s.s.concurrent.ThreadPoolTaskExecutor  : Initializing ExecutorService 'applicationTaskExecutor'
2021-03-24 23:19:25.024  INFO 14804 --- [main] o.s.b.a.w.s.WelcomePageHandlerMapping    : Adding welcome page: class path resource [static/index.html]
2021-03-24 23:19:25.265  INFO 14804 --- [main] o.s.b.w.embedded.tomcat.TomcatWebServer  : Tomcat started on port(s): 8080 (http) with context path ''
2021-03-24 23:19:25.280  INFO 14804 --- [main] c.e.demo.IntelligentManagerApplication   : Started IntelligentManagerApplication in 3.817 seconds (JVM running for 4.889)
2021-03-24 23:19:27.706  INFO 14804 --- [http-nio-8080-exec-3] o.a.c.c.C.[Tomcat].[localhost].[/]       : Initializing Spring DispatcherServlet 'dispatcherServlet'
2021-03-24 23:19:27.707  INFO 14804 --- [http-nio-8080-exec-3] o.s.web.servlet.DispatcherServlet        : Initializing Servlet 'dispatcherServlet'
2021-03-24 23:19:27.708  INFO 14804 --- [http-nio-8080-exec-3] o.s.web.servlet.DispatcherServlet        : Completed initialization in 1 ms
2021-03-24 23:19:44.309  WARN 14804 --- [http-nio-8080-exec-1] .w.s.m.s.DefaultHandlerExceptionResolver : Resolved [org.springframework.web.HttpMediaTypeNotSupportedException: Content type 'text/plain;charset=UTF-8' not supported]
2021-03-24 23:19:50.849  WARN 14804 --- [http-nio-8080-exec-4] .w.s.m.s.DefaultHandlerExceptionResolver : Resolved [org.springframework.web.HttpMediaTypeNotSupportedException: Content type 'text/plain;charset=UTF-8' not supported]
2021-03-24 23:20:23.528  WARN 14804 --- [http-nio-8080-exec-2] .w.s.m.s.DefaultHandlerExceptionResolver : Resolved [org.springframework.web.HttpMediaTypeNotSupportedException: Content type 'application/x-www-form-urlencoded' not supported]
2021-03-24 23:20:26.119  WARN 14804 --- [http-nio-8080-exec-5] .w.s.m.s.DefaultHandlerExceptionResolver : Resolved [org.springframework.web.HttpMediaTypeNotSupportedException: Content type 'multipart/form-data;boundary=----WebKitFormBoundaryhv7CwSyfL8gPrfAW' not supported]
2021-03-24 23:20:42.799  WARN 14804 --- [http-nio-8080-exec-7] .w.s.m.s.DefaultHandlerExceptionResolver : Resolved [org.springframework.web.HttpMediaTypeNotSupportedException: Content type 'text/plain;charset=UTF-8' not supported]
2021-03-24 23:20:50.480  WARN 14804 --- [http-nio-8080-exec-6] .w.s.m.s.DefaultHandlerExceptionResolver : Resolved [org.springframework.web.HttpMediaTypeNotSupportedException: Content type 'text/plain;charset=UTF-8' not supported]
2021-03-24 23:21:10.712  WARN 14804 --- [http-nio-8080-exec-8] .w.s.m.s.DefaultHandlerExceptionResolver : Resolved [org.springframework.web.HttpRequestMethodNotSupportedException: Request method 'GET' not supported]
2021-03-24 23:21:18.111  WARN 14804 --- [http-nio-8080-exec-10] .w.s.m.s.DefaultHandlerExceptionResolver : Resolved [org.springframework.web.HttpMediaTypeNotSupportedException: Content type 'text/plain;charset=UTF-8' not supported]
2021-03-24 23:21:24.281  INFO 14804 --- [RMI TCP Connection(4)-127.0.0.1] inMXBeanRegistrar$SpringApplicationAdmin : Application shutdown requested.
2021-03-24 23:21:24.311  INFO 14804 --- [RMI TCP Connection(4)-127.0.0.1] o.s.s.concurrent.ThreadPoolTaskExecutor  : Shutting down ExecutorService 'applicationTaskExecutor'
2021-03-24 23:26:04.168  INFO 16912 --- [main] c.e.demo.IntelligentManagerApplication   : Starting IntelligentManagerApplication using Java 14.0.2 on DESKTOP-CIV0KT9 with PID 16912 (C:\Projects\javaweb\IntelligentManager\target\classes started by wr568 in C:\Projects\javaweb\IntelligentManager)
2021-03-24 23:26:04.170  INFO 16912 --- [main] c.e.demo.IntelligentManagerApplication   : No active profile set, falling back to default profiles: default
2021-03-24 23:26:05.094  INFO 16912 --- [main] .s.d.r.c.RepositoryConfigurationDelegate : Multiple Spring Data modules found, entering strict repository configuration mode!
2021-03-24 23:26:05.100  INFO 16912 --- [main] .s.d.r.c.RepositoryConfigurationDelegate : Bootstrapping Spring Data Redis repositories in DEFAULT mode.
2021-03-24 23:26:05.161  INFO 16912 --- [main] .s.d.r.c.RepositoryConfigurationDelegate : Finished Spring Data repository scanning in 29 ms. Found 0 Redis repository interfaces.
2021-03-24 23:26:06.154  INFO 16912 --- [main] o.s.b.w.embedded.tomcat.TomcatWebServer  : Tomcat initialized with port(s): 8080 (http)
2021-03-24 23:26:06.178  INFO 16912 --- [main] o.apache.catalina.core.StandardService   : Starting service [Tomcat]
2021-03-24 23:26:06.179  INFO 16912 --- [main] org.apache.catalina.core.StandardEngine  : Starting Servlet engine: [Apache Tomcat/9.0.43]
2021-03-24 23:26:06.182  INFO 16912 --- [main] o.a.catalina.core.AprLifecycleListener   : Loaded Apache Tomcat Native library [1.2.25] using APR version [1.7.0].
2021-03-24 23:26:06.182  INFO 16912 --- [main] o.a.catalina.core.AprLifecycleListener   : APR capabilities: IPv6 [true], sendfile [true], accept filters [false], random [true].
2021-03-24 23:26:06.183  INFO 16912 --- [main] o.a.catalina.core.AprLifecycleListener   : APR/OpenSSL configuration: useAprConnector [false], useOpenSSL [true]
2021-03-24 23:26:06.192  INFO 16912 --- [main] o.a.catalina.core.AprLifecycleListener   : OpenSSL successfully initialized [OpenSSL 1.1.1g  21 Apr 2020]
2021-03-24 23:26:06.360  INFO 16912 --- [main] o.a.c.c.C.[Tomcat].[localhost].[/]       : Initializing Spring embedded WebApplicationContext
2021-03-24 23:26:06.361  INFO 16912 --- [main] w.s.c.ServletWebServerApplicationContext : Root WebApplicationContext: initialization completed in 2139 ms
2021-03-24 23:26:07.577  INFO 16912 --- [main] o.s.s.concurrent.ThreadPoolTaskExecutor  : Initializing ExecutorService 'applicationTaskExecutor'
2021-03-24 23:26:07.749  INFO 16912 --- [main] o.s.b.a.w.s.WelcomePageHandlerMapping    : Adding welcome page: class path resource [static/index.html]
2021-03-24 23:26:08.065  INFO 16912 --- [main] o.s.b.w.embedded.tomcat.TomcatWebServer  : Tomcat started on port(s): 8080 (http) with context path ''
2021-03-24 23:26:08.086  INFO 16912 --- [main] c.e.demo.IntelligentManagerApplication   : Started IntelligentManagerApplication in 4.537 seconds (JVM running for 5.549)
2021-03-24 23:26:10.785  INFO 16912 --- [http-nio-8080-exec-1] o.a.c.c.C.[Tomcat].[localhost].[/]       : Initializing Spring DispatcherServlet 'dispatcherServlet'
2021-03-24 23:26:10.787  INFO 16912 --- [http-nio-8080-exec-1] o.s.web.servlet.DispatcherServlet        : Initializing Servlet 'dispatcherServlet'
2021-03-24 23:26:10.788  INFO 16912 --- [http-nio-8080-exec-1] o.s.web.servlet.DispatcherServlet        : Completed initialization in 1 ms
2021-03-24 23:26:10.804  WARN 16912 --- [http-nio-8080-exec-1] .w.s.m.s.DefaultHandlerExceptionResolver : Resolved [org.springframework.web.HttpMediaTypeNotSupportedException: Content type 'text/plain;charset=UTF-8' not supported]
2021-03-24 23:26:38.102  WARN 16912 --- [http-nio-8080-exec-2] .w.s.m.s.DefaultHandlerExceptionResolver : Resolved [org.springframework.web.HttpMediaTypeNotSupportedException: Content type 'text/plain;charset=UTF-8' not supported]
2021-03-24 23:27:47.133  WARN 16912 --- [http-nio-8080-exec-4] .w.s.m.s.DefaultHandlerExceptionResolver : Resolved [org.springframework.web.bind.MissingServletRequestParameterException: Required String parameter 'username' is not present]
2021-03-24 23:27:57.713  WARN 16912 --- [http-nio-8080-exec-5] .w.s.m.s.DefaultHandlerExceptionResolver : Resolved [org.springframework.web.bind.MissingServletRequestParameterException: Required String parameter 'username' is not present]
2021-03-24 23:28:41.795  INFO 16912 --- [RMI TCP Connection(6)-127.0.0.1] inMXBeanRegistrar$SpringApplicationAdmin : Application shutdown requested.
2021-03-24 23:28:41.837  INFO 16912 --- [RMI TCP Connection(6)-127.0.0.1] o.s.s.concurrent.ThreadPoolTaskExecutor  : Shutting down ExecutorService 'applicationTaskExecutor'
2021-03-24 23:29:19.934  INFO 17176 --- [main] c.e.demo.IntelligentManagerApplication   : Starting IntelligentManagerApplication using Java 14.0.2 on DESKTOP-CIV0KT9 with PID 17176 (C:\Projects\javaweb\IntelligentManager\target\classes started by wr568 in C:\Projects\javaweb\IntelligentManager)
2021-03-24 23:29:19.938  INFO 17176 --- [main] c.e.demo.IntelligentManagerApplication   : No active profile set, falling back to default profiles: default
2021-03-24 23:29:20.903  INFO 17176 --- [main] .s.d.r.c.RepositoryConfigurationDelegate : Multiple Spring Data modules found, entering strict repository configuration mode!
2021-03-24 23:29:20.907  INFO 17176 --- [main] .s.d.r.c.RepositoryConfigurationDelegate : Bootstrapping Spring Data Redis repositories in DEFAULT mode.
2021-03-24 23:29:20.927  INFO 17176 --- [main] .s.d.r.c.RepositoryConfigurationDelegate : Finished Spring Data repository scanning in 7 ms. Found 0 Redis repository interfaces.
2021-03-24 23:29:22.016  INFO 17176 --- [main] o.s.b.w.embedded.tomcat.TomcatWebServer  : Tomcat initialized with port(s): 8080 (http)
2021-03-24 23:29:22.038  INFO 17176 --- [main] o.apache.catalina.core.StandardService   : Starting service [Tomcat]
2021-03-24 23:29:22.039  INFO 17176 --- [main] org.apache.catalina.core.StandardEngine  : Starting Servlet engine: [Apache Tomcat/9.0.43]
2021-03-24 23:29:22.042  INFO 17176 --- [main] o.a.catalina.core.AprLifecycleListener   : Loaded Apache Tomcat Native library [1.2.25] using APR version [1.7.0].
2021-03-24 23:29:22.043  INFO 17176 --- [main] o.a.catalina.core.AprLifecycleListener   : APR capabilities: IPv6 [true], sendfile [true], accept filters [false], random [true].
2021-03-24 23:29:22.043  INFO 17176 --- [main] o.a.catalina.core.AprLifecycleListener   : APR/OpenSSL configuration: useAprConnector [false], useOpenSSL [true]
2021-03-24 23:29:22.048  INFO 17176 --- [main] o.a.catalina.core.AprLifecycleListener   : OpenSSL successfully initialized [OpenSSL 1.1.1g  21 Apr 2020]
2021-03-24 23:29:22.200  INFO 17176 --- [main] o.a.c.c.C.[Tomcat].[localhost].[/]       : Initializing Spring embedded WebApplicationContext
2021-03-24 23:29:22.201  INFO 17176 --- [main] w.s.c.ServletWebServerApplicationContext : Root WebApplicationContext: initialization completed in 2196 ms
2021-03-24 23:29:23.430  INFO 17176 --- [main] o.s.s.concurrent.ThreadPoolTaskExecutor  : Initializing ExecutorService 'applicationTaskExecutor'
2021-03-24 23:29:23.553  INFO 17176 --- [main] o.s.b.a.w.s.WelcomePageHandlerMapping    : Adding welcome page: class path resource [static/index.html]
2021-03-24 23:29:23.782  INFO 17176 --- [main] o.s.b.w.embedded.tomcat.TomcatWebServer  : Tomcat started on port(s): 8080 (http) with context path ''
2021-03-24 23:29:23.794  INFO 17176 --- [main] c.e.demo.IntelligentManagerApplication   : Started IntelligentManagerApplication in 4.276 seconds (JVM running for 5.238)
2021-03-24 23:29:26.633  INFO 17176 --- [http-nio-8080-exec-1] o.a.c.c.C.[Tomcat].[localhost].[/]       : Initializing Spring DispatcherServlet 'dispatcherServlet'
2021-03-24 23:29:26.634  INFO 17176 --- [http-nio-8080-exec-1] o.s.web.servlet.DispatcherServlet        : Initializing Servlet 'dispatcherServlet'
2021-03-24 23:29:26.636  INFO 17176 --- [http-nio-8080-exec-1] o.s.web.servlet.DispatcherServlet        : Completed initialization in 1 ms
2021-03-24 23:29:26.767  INFO 17176 --- [http-nio-8080-exec-1] com.zaxxer.hikari.HikariDataSource       : HikariPool-1 - Starting...
2021-03-24 23:29:27.339  INFO 17176 --- [http-nio-8080-exec-1] com.zaxxer.hikari.HikariDataSource       : HikariPool-1 - Start completed.
2021-03-24 23:29:49.254  INFO 17176 --- [RMI TCP Connection(2)-127.0.0.1] inMXBeanRegistrar$SpringApplicationAdmin : Application shutdown requested.
2021-03-24 23:29:49.283  INFO 17176 --- [RMI TCP Connection(2)-127.0.0.1] o.s.s.concurrent.ThreadPoolTaskExecutor  : Shutting down ExecutorService 'applicationTaskExecutor'
2021-03-24 23:29:49.309  INFO 17176 --- [RMI TCP Connection(2)-127.0.0.1] com.zaxxer.hikari.HikariDataSource       : HikariPool-1 - Shutdown initiated...
2021-03-24 23:29:49.318  INFO 17176 --- [RMI TCP Connection(2)-127.0.0.1] com.zaxxer.hikari.HikariDataSource       : HikariPool-1 - Shutdown completed.
